Terminated
lr: 0.009
momentum: 0.9
num_hidden: 3
sizes: [784, 100, 100, 100, 10]
activation: tanh
loss: ce
opt: adam
batch_size: 20
anneal: False
save_dir: Data/pickle/
expt_dir: Data/expt/
train_path: Data/train.csv
test_path: Data/test.csv
val_path: Data/val.csv
Terminated
lr: 0.0008
momentum: 0.9
num_hidden: 3
sizes: [784, 100, 100, 100, 10]
activation: tanh
loss: ce
opt: nag
batch_size: 20
anneal: False
save_dir: Data/pickle/
expt_dir: Data/expt/
train_path: Data/train.csv
test_path: Data/test.csv
val_path: Data/val.csv
Terminated
lr: 0.03
momentum: 0.9
num_hidden: 3
sizes: [784, 100, 100, 100, 10]
activation: tanh
loss: ce
opt: nag
batch_size: 20
anneal: False
save_dir: Data/pickle/
expt_dir: Data/expt/
train_path: Data/train.csv
test_path: Data/test.csv
val_path: Data/val.csv
lr: 0.02
momentum: 0.9
num_hidden: 3
sizes: [784, 200, 100, 100, 10]
activation: sigmoid
loss: ce
opt: adam
batch_size: 20
anneal: False
save_dir: Data/pickle/
expt_dir: Data/expt/
train_path: Data/train.csv
test_path: Data/test.csv
val_path: Data/val.csv
